<html>
<head>
<title>TestNG:  Test</title>
<link href="../testng.css" rel="stylesheet" type="text/css" />
<link href="../my-testng.css" rel="stylesheet" type="text/css" />

<style type="text/css">
.log { display: none;} 
.stack-trace { display: none;} 
</style>
<script type="text/javascript">
<!--
function flip(e) {
  current = e.style.display;
  if (current == 'block') {
    e.style.display = 'none';
    return 0;
  }
  else {
    e.style.display = 'block';
    return 1;
  }
}

function toggleBox(szDivId, elem, msg1, msg2)
{
  var res = -1;  if (document.getElementById) {
    res = flip(document.getElementById(szDivId));
  }
  else if (document.all) {
    // this is the way old msie versions work
    res = flip(document.all[szDivId]);
  }
  if(elem) {
    if(res == 0) elem.innerHTML = msg1; else elem.innerHTML = msg2;
  }

}

function toggleAllBoxes() {
  if (document.getElementsByTagName) {
    d = document.getElementsByTagName('div');
    for (i = 0; i < d.length; i++) {
      if (d[i].className == 'log') {
        flip(d[i]);
      }
    }
  }
}

// -->
</script>

</head>
<body>
<h2 align='center'>Test</h2><table border='1' align="center">
<tr>
<td>Tests passed/Failed/Skipped:</td><td>4/1/4</td>
</tr><tr>
<td>Started on:</td><td>Thu Aug 19 14:06:17 EDT 2021</td>
</tr>
<tr><td>Total time:</td><td>48 seconds (48645 ms)</td>
</tr><tr>
<td>Included groups:</td><td></td>
</tr><tr>
<td>Excluded groups:</td><td></td>
</tr>
</table><p/>
<small><i>(Hover the method name to see the test class name)</i></small><p/>
<table width='100%' border='1' class='invocation-failed'>
<tr><td colspan='4' align='center'><b>FAILED CONFIGURATIONS</b></td></tr>
<tr><td><b>Test method</b></td>
<td width="30%"><b>Exception</b></td>
<td width="10%"><b>Time (seconds)</b></td>
<td><b>Instance</b></td>
</tr>
<tr>
<td title='com.acti.testcase.TaskPageTest.tearDown()'><b>tearDown</b><br>Test class: com.acti.testcase.TaskPageTest<br>Parameters: [TestResult name=testCreateCustomer status=FAILURE method=TaskPageTest.testCreateCustomer(java.lang.String, java.lang.String)[pri:0, instance:com.acti.testcase.TaskPageTest@6bdf28bb] output={null}]</td>
<td><div><pre>org.openqa.selenium.UnhandledAlertException: unexpected alert open: {Alert text : }
  (Session info: MicrosoftEdge=92.0.902.73): {Alert text : 
Build info: version: &apos;3.141.59&apos;, revision: &apos;e82be7d358&apos;, time: &apos;2018-11-14T08:17:03&apos;
System info: host: &apos;SANDEEPOOJA&apos;, ip: &apos;172.20.4.126&apos;, os.name: &apos;Windows 10&apos;, os.arch: &apos;amd64&apos;, os.version: &apos;10.0&apos;, java.version: &apos;1.8.0_231&apos;
Driver info: org.openqa.selenium.edge.EdgeDriver
Capabilities {acceptInsecureCerts: false, browserName: msedge, browserVersion: 92.0.902.73, javascriptEnabled: true, ms:edgeOptions: {debuggerAddress: localhost:21167}, msedge: {msedgedriverVersion: 91.0.864.59 (4456b8ae30dd3a..., userDataDir: C:\Users\sandeep\AppData\Lo...}, networkConnectionEnabled: false, pageLoadStrategy: normal, platform: WINDOWS, platformName: WINDOWS, proxy: Proxy(), setWindowRect: true, strictFileInteractability: false, timeouts: {implicit: 0, pageLoad: 300000, script: 30000}, unhandledPromptBehavior: dismiss and notify, webauthn:extension:largeBlob: true, webauthn:virtualAuthenticators: true}
Session ID: 2cc97cce1f28821836d60a77dad2e404
	at org.openqa.selenium.remote.http.W3CHttpResponseCodec.decode(W3CHttpResponseCodec.java:120)
	at org.openqa.selenium.remote.http.W3CHttpResponseCodec.decode(W3CHttpResponseCodec.java:49)
	at org.openqa.selenium.remote.HttpCommandExecutor.execute(HttpCommandExecutor.java:158)
	at org.openqa.selenium.remote.service.DriverCommandExecutor.execute(DriverCommandExecutor.java:83)
	at org.openqa.selenium.remote.RemoteWebDriver.execute(RemoteWebDriver.java:552)
	at org.openqa.selenium.remote.RemoteWebDriver.execute(RemoteWebDriver.java:609)
	at org.openqa.selenium.remote.RemoteWebDriver.getScreenshotAs(RemoteWebDriver.java:295)
	at com.acti.util.Helper.captureScreenshot(Helper.java:15)
	at com.acti.testcase.BaseTest.tearDown(BaseTest.java:67)
... Removed 26 stack frames</pre></div><a href='#' onClick='toggleBox("stack-trace1517116047", this, "Click to show all stack frames", "Click to hide stack frames")'>Click to show all stack frames</a>
<div class='stack-trace' id='stack-trace1517116047'><pre>org.openqa.selenium.UnhandledAlertException: unexpected alert open: {Alert text : }
  (Session info: MicrosoftEdge=92.0.902.73): {Alert text : 
Build info: version: &apos;3.141.59&apos;, revision: &apos;e82be7d358&apos;, time: &apos;2018-11-14T08:17:03&apos;
System info: host: &apos;SANDEEPOOJA&apos;, ip: &apos;172.20.4.126&apos;, os.name: &apos;Windows 10&apos;, os.arch: &apos;amd64&apos;, os.version: &apos;10.0&apos;, java.version: &apos;1.8.0_231&apos;
Driver info: org.openqa.selenium.edge.EdgeDriver
Capabilities {acceptInsecureCerts: false, browserName: msedge, browserVersion: 92.0.902.73, javascriptEnabled: true, ms:edgeOptions: {debuggerAddress: localhost:21167}, msedge: {msedgedriverVersion: 91.0.864.59 (4456b8ae30dd3a..., userDataDir: C:\Users\sandeep\AppData\Lo...}, networkConnectionEnabled: false, pageLoadStrategy: normal, platform: WINDOWS, platformName: WINDOWS, proxy: Proxy(), setWindowRect: true, strictFileInteractability: false, timeouts: {implicit: 0, pageLoad: 300000, script: 30000}, unhandledPromptBehavior: dismiss and notify, webauthn:extension:largeBlob: true, webauthn:virtualAuthenticators: true}
Session ID: 2cc97cce1f28821836d60a77dad2e404
	at org.openqa.selenium.remote.http.W3CHttpResponseCodec.decode(W3CHttpResponseCodec.java:120)
	at org.openqa.selenium.remote.http.W3CHttpResponseCodec.decode(W3CHttpResponseCodec.java:49)
	at org.openqa.selenium.remote.HttpCommandExecutor.execute(HttpCommandExecutor.java:158)
	at org.openqa.selenium.remote.service.DriverCommandExecutor.execute(DriverCommandExecutor.java:83)
	at org.openqa.selenium.remote.RemoteWebDriver.execute(RemoteWebDriver.java:552)
	at org.openqa.selenium.remote.RemoteWebDriver.execute(RemoteWebDriver.java:609)
	at org.openqa.selenium.remote.RemoteWebDriver.getScreenshotAs(RemoteWebDriver.java:295)
	at com.acti.util.Helper.captureScreenshot(Helper.java:15)
	at com.acti.testcase.BaseTest.tearDown(BaseTest.java:67)
	at sun.reflect.NativeMethodAccessorImpl.invoke0(Native Method)
	at sun.reflect.NativeMethodAccessorImpl.invoke(Unknown Source)
	at sun.reflect.DelegatingMethodAccessorImpl.invoke(Unknown Source)
	at java.lang.reflect.Method.invoke(Unknown Source)
	at org.testng.internal.MethodInvocationHelper.invokeMethod(MethodInvocationHelper.java:85)
	at org.testng.internal.Invoker.invokeConfigurationMethod(Invoker.java:521)
	at org.testng.internal.Invoker.invokeConfigurations(Invoker.java:213)
	at org.testng.internal.Invoker.invokeMethod(Invoker.java:736)
	at org.testng.internal.Invoker.invokeTestMethod(Invoker.java:849)
	at org.testng.internal.Invoker.invokeTestMethods(Invoker.java:1157)
	at org.testng.internal.TestMethodWorker.invokeTestMethods(TestMethodWorker.java:124)
	at org.testng.internal.TestMethodWorker.run(TestMethodWorker.java:108)
	at org.testng.TestRunner.privateRun(TestRunner.java:771)
	at org.testng.TestRunner.run(TestRunner.java:621)
	at org.testng.SuiteRunner.runTest(SuiteRunner.java:357)
	at org.testng.SuiteRunner.runSequentially(SuiteRunner.java:352)
	at org.testng.SuiteRunner.privateRun(SuiteRunner.java:310)
	at org.testng.SuiteRunner.run(SuiteRunner.java:259)
	at org.testng.SuiteRunnerWorker.runSuite(SuiteRunnerWorker.java:52)
	at org.testng.SuiteRunnerWorker.run(SuiteRunnerWorker.java:86)
	at org.testng.TestNG.runSuitesSequentially(TestNG.java:1200)
	at org.testng.TestNG.runSuitesLocally(TestNG.java:1125)
	at org.testng.TestNG.run(TestNG.java:1033)
	at org.testng.remote.RemoteTestNG.run(RemoteTestNG.java:111)
	at org.testng.remote.RemoteTestNG.initAndRun(RemoteTestNG.java:204)
	at org.testng.remote.RemoteTestNG.main(RemoteTestNG.java:175)
</pre></div></td>
<td>0</td>
<td>com.acti.testcase.TaskPageTest@6bdf28bb</td></tr>
</table><p>
<table width='100%' border='1' class='invocation-skipped'>
<tr><td colspan='4' align='center'><b>SKIPPED CONFIGURATIONS</b></td></tr>
<tr><td><b>Test method</b></td>
<td width="30%"><b>Exception</b></td>
<td width="10%"><b>Time (seconds)</b></td>
<td><b>Instance</b></td>
</tr>
<tr>
<td title='com.acti.testcase.TaskPageTest.setUp()'><b>setUp</b><br>Test class: com.acti.testcase.TaskPageTest</td>
<td></td>
<td>0</td>
<td>com.acti.testcase.TaskPageTest@6bdf28bb</td></tr>
<tr>
<td title='com.acti.testcase.LoginTest.setUp()'><b>setUp</b><br>Test class: com.acti.testcase.LoginTest</td>
<td></td>
<td>0</td>
<td>com.acti.testcase.LoginTest@6b71769e</td></tr>
<tr>
<td title='com.acti.testcase.LoginTest.setUp()'><b>setUp</b><br>Test class: com.acti.testcase.LoginTest</td>
<td></td>
<td>0</td>
<td>com.acti.testcase.LoginTest@6b71769e</td></tr>
<tr>
<td title='com.acti.testcase.LoginTest.setUp()'><b>setUp</b><br>Test class: com.acti.testcase.LoginTest</td>
<td></td>
<td>0</td>
<td>com.acti.testcase.LoginTest@6b71769e</td></tr>
<tr>
<td title='com.acti.testcase.TaskPageTest.tearDown()'><b>tearDown</b><br>Test class: com.acti.testcase.TaskPageTest</td>
<td></td>
<td>0</td>
<td>com.acti.testcase.TaskPageTest@6bdf28bb</td></tr>
<tr>
<td title='com.acti.testcase.LoginTest.tearDown()'><b>tearDown</b><br>Test class: com.acti.testcase.LoginTest</td>
<td></td>
<td>0</td>
<td>com.acti.testcase.LoginTest@6b71769e</td></tr>
<tr>
<td title='com.acti.testcase.LoginTest.tearDown()'><b>tearDown</b><br>Test class: com.acti.testcase.LoginTest</td>
<td></td>
<td>0</td>
<td>com.acti.testcase.LoginTest@6b71769e</td></tr>
<tr>
<td title='com.acti.testcase.LoginTest.tearDown()'><b>tearDown</b><br>Test class: com.acti.testcase.LoginTest</td>
<td></td>
<td>0</td>
<td>com.acti.testcase.LoginTest@6b71769e</td></tr>
</table><p>
<table width='100%' border='1' class='invocation-failed'>
<tr><td colspan='4' align='center'><b>FAILED TESTS</b></td></tr>
<tr><td><b>Test method</b></td>
<td width="30%"><b>Exception</b></td>
<td width="10%"><b>Time (seconds)</b></td>
<td><b>Instance</b></td>
</tr>
<tr>
<td title='com.acti.testcase.TaskPageTest.testCreateCustomer()'><b>testCreateCustomer</b><br>Test class: com.acti.testcase.TaskPageTest<br>Parameters: admin, manager</td>
<td><div><pre>org.openqa.selenium.NoSuchElementException: Cannot locate an element using xpath=//span[@class=&apos;innerHtml&apos;]
For documentation on this error, please visit: https://www.seleniumhq.org/exceptions/no_such_element.html
Build info: version: &apos;3.141.59&apos;, revision: &apos;e82be7d358&apos;, time: &apos;2018-11-14T08:17:03&apos;
System info: host: &apos;SANDEEPOOJA&apos;, ip: &apos;172.20.4.126&apos;, os.name: &apos;Windows 10&apos;, os.arch: &apos;amd64&apos;, os.version: &apos;10.0&apos;, java.version: &apos;1.8.0_231&apos;
Driver info: driver.version: RemoteWebDriver
	at org.openqa.selenium.remote.RemoteWebDriver.findElement(RemoteWebDriver.java:327)
	at org.openqa.selenium.remote.RemoteWebDriver.findElementByXPath(RemoteWebDriver.java:428)
	at org.openqa.selenium.By$ByXPath.findElement(By.java:353)
	at org.openqa.selenium.remote.RemoteWebDriver.findElement(RemoteWebDriver.java:315)
	at org.openqa.selenium.support.pagefactory.DefaultElementLocator.findElement(DefaultElementLocator.java:69)
	at org.openqa.selenium.support.pagefactory.internal.LocatingElementHandler.invoke(LocatingElementHandler.java:38)
	at com.sun.proxy.$Proxy11.getText(Unknown Source)
	at com.acti.pages.TaskListPage.validateSuccessMessage(TaskListPage.java:58)
	at com.acti.testcase.TaskPageTest.testCreateCustomer(TaskPageTest.java:35)
... Removed 24 stack frames</pre></div><a href='#' onClick='toggleBox("stack-trace1563634025", this, "Click to show all stack frames", "Click to hide stack frames")'>Click to show all stack frames</a>
<div class='stack-trace' id='stack-trace1563634025'><pre>org.openqa.selenium.NoSuchElementException: Cannot locate an element using xpath=//span[@class=&apos;innerHtml&apos;]
For documentation on this error, please visit: https://www.seleniumhq.org/exceptions/no_such_element.html
Build info: version: &apos;3.141.59&apos;, revision: &apos;e82be7d358&apos;, time: &apos;2018-11-14T08:17:03&apos;
System info: host: &apos;SANDEEPOOJA&apos;, ip: &apos;172.20.4.126&apos;, os.name: &apos;Windows 10&apos;, os.arch: &apos;amd64&apos;, os.version: &apos;10.0&apos;, java.version: &apos;1.8.0_231&apos;
Driver info: driver.version: RemoteWebDriver
	at org.openqa.selenium.remote.RemoteWebDriver.findElement(RemoteWebDriver.java:327)
	at org.openqa.selenium.remote.RemoteWebDriver.findElementByXPath(RemoteWebDriver.java:428)
	at org.openqa.selenium.By$ByXPath.findElement(By.java:353)
	at org.openqa.selenium.remote.RemoteWebDriver.findElement(RemoteWebDriver.java:315)
	at org.openqa.selenium.support.pagefactory.DefaultElementLocator.findElement(DefaultElementLocator.java:69)
	at org.openqa.selenium.support.pagefactory.internal.LocatingElementHandler.invoke(LocatingElementHandler.java:38)
	at com.sun.proxy.$Proxy11.getText(Unknown Source)
	at com.acti.pages.TaskListPage.validateSuccessMessage(TaskListPage.java:58)
	at com.acti.testcase.TaskPageTest.testCreateCustomer(TaskPageTest.java:35)
	at sun.reflect.NativeMethodAccessorImpl.invoke0(Native Method)
	at sun.reflect.NativeMethodAccessorImpl.invoke(Unknown Source)
	at sun.reflect.DelegatingMethodAccessorImpl.invoke(Unknown Source)
	at java.lang.reflect.Method.invoke(Unknown Source)
	at org.testng.internal.MethodInvocationHelper.invokeMethod(MethodInvocationHelper.java:85)
	at org.testng.internal.Invoker.invokeMethod(Invoker.java:663)
	at org.testng.internal.Invoker.invokeTestMethod(Invoker.java:849)
	at org.testng.internal.Invoker.invokeTestMethods(Invoker.java:1157)
	at org.testng.internal.TestMethodWorker.invokeTestMethods(TestMethodWorker.java:124)
	at org.testng.internal.TestMethodWorker.run(TestMethodWorker.java:108)
	at org.testng.TestRunner.privateRun(TestRunner.java:771)
	at org.testng.TestRunner.run(TestRunner.java:621)
	at org.testng.SuiteRunner.runTest(SuiteRunner.java:357)
	at org.testng.SuiteRunner.runSequentially(SuiteRunner.java:352)
	at org.testng.SuiteRunner.privateRun(SuiteRunner.java:310)
	at org.testng.SuiteRunner.run(SuiteRunner.java:259)
	at org.testng.SuiteRunnerWorker.runSuite(SuiteRunnerWorker.java:52)
	at org.testng.SuiteRunnerWorker.run(SuiteRunnerWorker.java:86)
	at org.testng.TestNG.runSuitesSequentially(TestNG.java:1200)
	at org.testng.TestNG.runSuitesLocally(TestNG.java:1125)
	at org.testng.TestNG.run(TestNG.java:1033)
	at org.testng.remote.RemoteTestNG.run(RemoteTestNG.java:111)
	at org.testng.remote.RemoteTestNG.initAndRun(RemoteTestNG.java:204)
	at org.testng.remote.RemoteTestNG.main(RemoteTestNG.java:175)
</pre></div></td>
<td>26</td>
<td>com.acti.testcase.TaskPageTest@6bdf28bb</td></tr>
</table><p>
<table width='100%' border='1' class='invocation-passed'>
<tr><td colspan='4' align='center'><b>PASSED TESTS</b></td></tr>
<tr><td><b>Test method</b></td>
<td width="30%"><b>Exception</b></td>
<td width="10%"><b>Time (seconds)</b></td>
<td><b>Instance</b></td>
</tr>
<tr>
<td title='com.acti.testcase.BaseTest.initApplicatio()'><b>initApplicatio</b><br>Test class: com.acti.testcase.BaseTest</td>
<td></td>
<td>2</td>
<td>com.acti.testcase.BaseTest@3f0ee7cb</td></tr>
<tr>
<td title='com.acti.testcase.TaskPageTest.initApplicatio()'><b>initApplicatio</b><br>Test class: com.acti.testcase.TaskPageTest</td>
<td></td>
<td>3</td>
<td>com.acti.testcase.TaskPageTest@6bdf28bb</td></tr>
<tr>
<td title='com.acti.testcase.BaseTest.quitApplication()'><b>quitApplication</b><br>Test class: com.acti.testcase.BaseTest</td>
<td></td>
<td>0</td>
<td>com.acti.testcase.BaseTest@3f0ee7cb</td></tr>
<tr>
<td title='com.acti.testcase.TaskPageTest.quitApplication()'><b>quitApplication</b><br>Test class: com.acti.testcase.TaskPageTest</td>
<td></td>
<td>0</td>
<td>com.acti.testcase.TaskPageTest@6bdf28bb</td></tr>
</table><p>
<table width='100%' border='1' class='invocation-skipped'>
<tr><td colspan='4' align='center'><b>SKIPPED TESTS</b></td></tr>
<tr><td><b>Test method</b></td>
<td width="30%"><b>Exception</b></td>
<td width="10%"><b>Time (seconds)</b></td>
<td><b>Instance</b></td>
</tr>
<tr>
<td title='com.acti.testcase.LoginTest.initApplicatio()'><b>initApplicatio</b><br>Test class: com.acti.testcase.LoginTest</td>
<td></td>
<td>0</td>
<td>com.acti.testcase.LoginTest@6b71769e</td></tr>
<tr>
<td title='com.acti.testcase.LoginTest.quitApplication()'><b>quitApplication</b><br>Test class: com.acti.testcase.LoginTest</td>
<td></td>
<td>0</td>
<td>com.acti.testcase.LoginTest@6b71769e</td></tr>
<tr>
<td title='com.acti.testcase.TaskPageTest.testDeleteCustomer()'><b>testDeleteCustomer</b><br>Test class: com.acti.testcase.TaskPageTest<br>Parameters: admin, manager</td>
<td></td>
<td>0</td>
<td>com.acti.testcase.TaskPageTest@6bdf28bb</td></tr>
<tr>
<td title='com.acti.testcase.LoginTest.testLoginFunctionValidUser()'><b>testLoginFunctionValidUser</b><br>Test class: com.acti.testcase.LoginTest</td>
<td></td>
<td>0</td>
<td>com.acti.testcase.LoginTest@6b71769e</td></tr>
</table><p>
</body>
</html>