<?xml version="1.0" encoding="UTF-8"?>
<testng-results skipped="4" failed="1" total="9" passed="4">
  <reporter-output>
  </reporter-output>
  <suite name="Suite" duration-ms="48645" started-at="2021-08-19T18:06:17Z" finished-at="2021-08-19T18:07:05Z">
    <groups>
    </groups>
    <test name="Test" duration-ms="48645" started-at="2021-08-19T18:06:17Z" finished-at="2021-08-19T18:07:05Z">
      <class name="com.acti.testcase.LoginTest">
        <test-method status="SKIP" signature="setUp()[pri:0, instance:com.acti.testcase.LoginTest@6b71769e]" name="setUp" is-config="true" duration-ms="0" started-at="2021-08-19T14:07:05Z" finished-at="2021-08-19T14:07:05Z">
          <reporter-output>
          </reporter-output>
        </test-method> <!-- setUp -->
        <test-method status="SKIP" signature="initApplicatio()[pri:0, instance:com.acti.testcase.LoginTest@6b71769e]" name="initApplicatio" duration-ms="1" started-at="2021-08-19T14:07:05Z" finished-at="2021-08-19T14:07:05Z">
          <reporter-output>
          </reporter-output>
        </test-method> <!-- initApplicatio -->
        <test-method status="SKIP" signature="tearDown(org.testng.ITestResult)[pri:0, instance:com.acti.testcase.LoginTest@6b71769e]" name="tearDown" is-config="true" duration-ms="0" started-at="2021-08-19T14:07:05Z" finished-at="2021-08-19T14:07:05Z">
          <reporter-output>
          </reporter-output>
        </test-method> <!-- tearDown -->
        <test-method status="SKIP" signature="setUp()[pri:0, instance:com.acti.testcase.LoginTest@6b71769e]" name="setUp" is-config="true" duration-ms="0" started-at="2021-08-19T14:07:05Z" finished-at="2021-08-19T14:07:05Z">
          <reporter-output>
          </reporter-output>
        </test-method> <!-- setUp -->
        <test-method status="SKIP" signature="quitApplication()[pri:0, instance:com.acti.testcase.LoginTest@6b71769e]" name="quitApplication" duration-ms="1" started-at="2021-08-19T14:07:05Z" finished-at="2021-08-19T14:07:05Z">
          <reporter-output>
          </reporter-output>
        </test-method> <!-- quitApplication -->
        <test-method status="SKIP" signature="tearDown(org.testng.ITestResult)[pri:0, instance:com.acti.testcase.LoginTest@6b71769e]" name="tearDown" is-config="true" duration-ms="0" started-at="2021-08-19T14:07:05Z" finished-at="2021-08-19T14:07:05Z">
          <reporter-output>
          </reporter-output>
        </test-method> <!-- tearDown -->
        <test-method status="SKIP" signature="setUp()[pri:0, instance:com.acti.testcase.LoginTest@6b71769e]" name="setUp" is-config="true" duration-ms="0" started-at="2021-08-19T14:07:05Z" finished-at="2021-08-19T14:07:05Z">
          <reporter-output>
          </reporter-output>
        </test-method> <!-- setUp -->
        <test-method status="SKIP" signature="testLoginFunctionValidUser()[pri:0, instance:com.acti.testcase.LoginTest@6b71769e]" name="testLoginFunctionValidUser" duration-ms="1" started-at="2021-08-19T14:07:05Z" finished-at="2021-08-19T14:07:05Z">
          <reporter-output>
          </reporter-output>
        </test-method> <!-- testLoginFunctionValidUser -->
        <test-method status="SKIP" signature="tearDown(org.testng.ITestResult)[pri:0, instance:com.acti.testcase.LoginTest@6b71769e]" name="tearDown" is-config="true" duration-ms="0" started-at="2021-08-19T14:07:05Z" finished-at="2021-08-19T14:07:05Z">
          <reporter-output>
          </reporter-output>
        </test-method> <!-- tearDown -->
      </class> <!-- com.acti.testcase.LoginTest -->
      <class name="com.acti.testcase.BaseTest">
        <test-method status="PASS" signature="setUpReport()[pri:0, instance:com.acti.testcase.BaseTest@3f0ee7cb]" name="setUpReport" is-config="true" duration-ms="146" started-at="2021-08-19T14:06:17Z" finished-at="2021-08-19T14:06:17Z">
          <reporter-output>
          </reporter-output>
        </test-method> <!-- setUpReport -->
        <test-method status="PASS" signature="setUp()[pri:0, instance:com.acti.testcase.BaseTest@3f0ee7cb]" name="setUp" is-config="true" duration-ms="3373" started-at="2021-08-19T14:06:17Z" finished-at="2021-08-19T14:06:20Z">
          <reporter-output>
          </reporter-output>
        </test-method> <!-- setUp -->
        <test-method status="PASS" signature="initApplicatio()[pri:0, instance:com.acti.testcase.BaseTest@3f0ee7cb]" name="initApplicatio" duration-ms="2490" started-at="2021-08-19T14:06:20Z" finished-at="2021-08-19T14:06:23Z">
          <reporter-output>
          </reporter-output>
        </test-method> <!-- initApplicatio -->
        <test-method status="PASS" signature="tearDown(org.testng.ITestResult)[pri:0, instance:com.acti.testcase.BaseTest@3f0ee7cb]" name="tearDown" is-config="true" duration-ms="0" started-at="2021-08-19T14:06:23Z" finished-at="2021-08-19T14:06:23Z">
          <params>
            <param index="0">
              <value>
                <![CDATA[[TestResult name=initApplicatio status=SUCCESS method=DriverScript.initApplicatio()[pri:0, instance:com.acti.testcase.BaseTest@3f0ee7cb] output={null}]]]>
              </value>
            </param>
          </params>
          <reporter-output>
          </reporter-output>
        </test-method> <!-- tearDown -->
        <test-method status="PASS" signature="setUp()[pri:0, instance:com.acti.testcase.BaseTest@3f0ee7cb]" name="setUp" is-config="true" duration-ms="2637" started-at="2021-08-19T14:06:23Z" finished-at="2021-08-19T14:06:25Z">
          <reporter-output>
          </reporter-output>
        </test-method> <!-- setUp -->
        <test-method status="PASS" signature="quitApplication()[pri:0, instance:com.acti.testcase.BaseTest@3f0ee7cb]" name="quitApplication" duration-ms="2" started-at="2021-08-19T14:06:25Z" finished-at="2021-08-19T14:06:25Z">
          <reporter-output>
          </reporter-output>
        </test-method> <!-- quitApplication -->
        <test-method status="PASS" signature="tearDown(org.testng.ITestResult)[pri:0, instance:com.acti.testcase.BaseTest@3f0ee7cb]" name="tearDown" is-config="true" duration-ms="0" started-at="2021-08-19T14:06:25Z" finished-at="2021-08-19T14:06:25Z">
          <params>
            <param index="0">
              <value>
                <![CDATA[[TestResult name=quitApplication status=SUCCESS method=DriverScript.quitApplication()[pri:0, instance:com.acti.testcase.BaseTest@3f0ee7cb] output={null}]]]>
              </value>
            </param>
          </params>
          <reporter-output>
          </reporter-output>
        </test-method> <!-- tearDown -->
        <test-method status="SKIP" signature="flushReport()[pri:0, instance:com.acti.testcase.BaseTest@3f0ee7cb]" name="flushReport" is-config="true" duration-ms="0" started-at="2021-08-19T14:07:05Z" finished-at="2021-08-19T14:07:05Z">
          <reporter-output>
          </reporter-output>
        </test-method> <!-- flushReport -->
      </class> <!-- com.acti.testcase.BaseTest -->
      <class name="com.acti.testcase.TaskPageTest">
        <test-method status="PASS" signature="setUp()[pri:0, instance:com.acti.testcase.TaskPageTest@6bdf28bb]" name="setUp" is-config="true" duration-ms="2920" started-at="2021-08-19T14:06:25Z" finished-at="2021-08-19T14:06:28Z">
          <reporter-output>
          </reporter-output>
        </test-method> <!-- setUp -->
        <test-method status="PASS" signature="initApplicatio()[pri:0, instance:com.acti.testcase.TaskPageTest@6bdf28bb]" name="initApplicatio" duration-ms="3065" started-at="2021-08-19T14:06:28Z" finished-at="2021-08-19T14:06:31Z">
          <reporter-output>
          </reporter-output>
        </test-method> <!-- initApplicatio -->
        <test-method status="PASS" signature="tearDown(org.testng.ITestResult)[pri:0, instance:com.acti.testcase.TaskPageTest@6bdf28bb]" name="tearDown" is-config="true" duration-ms="1" started-at="2021-08-19T14:06:31Z" finished-at="2021-08-19T14:06:31Z">
          <params>
            <param index="0">
              <value>
                <![CDATA[[TestResult name=initApplicatio status=SUCCESS method=DriverScript.initApplicatio()[pri:0, instance:com.acti.testcase.TaskPageTest@6bdf28bb] output={null}]]]>
              </value>
            </param>
          </params>
          <reporter-output>
          </reporter-output>
        </test-method> <!-- tearDown -->
        <test-method status="PASS" signature="setUp()[pri:0, instance:com.acti.testcase.TaskPageTest@6bdf28bb]" name="setUp" is-config="true" duration-ms="3102" started-at="2021-08-19T14:06:31Z" finished-at="2021-08-19T14:06:34Z">
          <reporter-output>
          </reporter-output>
        </test-method> <!-- setUp -->
        <test-method status="PASS" signature="quitApplication()[pri:0, instance:com.acti.testcase.TaskPageTest@6bdf28bb]" name="quitApplication" duration-ms="1" started-at="2021-08-19T14:06:34Z" finished-at="2021-08-19T14:06:34Z">
          <reporter-output>
          </reporter-output>
        </test-method> <!-- quitApplication -->
        <test-method status="PASS" signature="tearDown(org.testng.ITestResult)[pri:0, instance:com.acti.testcase.TaskPageTest@6bdf28bb]" name="tearDown" is-config="true" duration-ms="0" started-at="2021-08-19T14:06:34Z" finished-at="2021-08-19T14:06:34Z">
          <params>
            <param index="0">
              <value>
                <![CDATA[[TestResult name=quitApplication status=SUCCESS method=DriverScript.quitApplication()[pri:0, instance:com.acti.testcase.TaskPageTest@6bdf28bb] output={null}]]]>
              </value>
            </param>
          </params>
          <reporter-output>
          </reporter-output>
        </test-method> <!-- tearDown -->
        <test-method status="PASS" signature="setUp()[pri:0, instance:com.acti.testcase.TaskPageTest@6bdf28bb]" name="setUp" is-config="true" duration-ms="3418" started-at="2021-08-19T14:06:35Z" finished-at="2021-08-19T14:06:39Z">
          <reporter-output>
          </reporter-output>
        </test-method> <!-- setUp -->
        <test-method status="FAIL" signature="testCreateCustomer(java.lang.String, java.lang.String)[pri:0, instance:com.acti.testcase.TaskPageTest@6bdf28bb]" name="testCreateCustomer" duration-ms="26623" started-at="2021-08-19T14:06:39Z" data-provider="actidata" finished-at="2021-08-19T14:07:05Z">
          <params>
            <param index="0">
              <value>
                <![CDATA[admin]]>
              </value>
            </param>
            <param index="1">
              <value>
                <![CDATA[manager]]>
              </value>
            </param>
          </params>
          <exception class="org.openqa.selenium.NoSuchElementException">
            <message>
              <![CDATA[Cannot locate an element using xpath=//span[@class='innerHtml']
For documentation on this error, please visit: https://www.seleniumhq.org/exceptions/no_such_element.html
Build info: version: '3.141.59', revision: 'e82be7d358', time: '2018-11-14T08:17:03'
System info: host: 'SANDEEPOOJA', ip: '172.20.4.126', os.name: 'Windows 10', os.arch: 'amd64', os.version: '10.0', java.version: '1.8.0_231'
Driver info: driver.version: RemoteWebDriver]]>
            </message>
            <full-stacktrace>
              <![CDATA[org.openqa.selenium.NoSuchElementException: Cannot locate an element using xpath=//span[@class='innerHtml']
For documentation on this error, please visit: https://www.seleniumhq.org/exceptions/no_such_element.html
Build info: version: '3.141.59', revision: 'e82be7d358', time: '2018-11-14T08:17:03'
System info: host: 'SANDEEPOOJA', ip: '172.20.4.126', os.name: 'Windows 10', os.arch: 'amd64', os.version: '10.0', java.version: '1.8.0_231'
Driver info: driver.version: RemoteWebDriver
	at org.openqa.selenium.remote.RemoteWebDriver.findElement(RemoteWebDriver.java:327)
	at org.openqa.selenium.remote.RemoteWebDriver.findElementByXPath(RemoteWebDriver.java:428)
	at org.openqa.selenium.By$ByXPath.findElement(By.java:353)
	at org.openqa.selenium.remote.RemoteWebDriver.findElement(RemoteWebDriver.java:315)
	at org.openqa.selenium.support.pagefactory.DefaultElementLocator.findElement(DefaultElementLocator.java:69)
	at org.openqa.selenium.support.pagefactory.internal.LocatingElementHandler.invoke(LocatingElementHandler.java:38)
	at com.sun.proxy.$Proxy11.getText(Unknown Source)
	at com.acti.pages.TaskListPage.validateSuccessMessage(TaskListPage.java:58)
	at com.acti.testcase.TaskPageTest.testCreateCustomer(TaskPageTest.java:35)
	at sun.reflect.NativeMethodAccessorImpl.invoke0(Native Method)
	at sun.reflect.NativeMethodAccessorImpl.invoke(Unknown Source)
	at sun.reflect.DelegatingMethodAccessorImpl.invoke(Unknown Source)
	at java.lang.reflect.Method.invoke(Unknown Source)
	at org.testng.internal.MethodInvocationHelper.invokeMethod(MethodInvocationHelper.java:85)
	at org.testng.internal.Invoker.invokeMethod(Invoker.java:663)
	at org.testng.internal.Invoker.invokeTestMethod(Invoker.java:849)
	at org.testng.internal.Invoker.invokeTestMethods(Invoker.java:1157)
	at org.testng.internal.TestMethodWorker.invokeTestMethods(TestMethodWorker.java:124)
	at org.testng.internal.TestMethodWorker.run(TestMethodWorker.java:108)
	at org.testng.TestRunner.privateRun(TestRunner.java:771)
	at org.testng.TestRunner.run(TestRunner.java:621)
	at org.testng.SuiteRunner.runTest(SuiteRunner.java:357)
	at org.testng.SuiteRunner.runSequentially(SuiteRunner.java:352)
	at org.testng.SuiteRunner.privateRun(SuiteRunner.java:310)
	at org.testng.SuiteRunner.run(SuiteRunner.java:259)
	at org.testng.SuiteRunnerWorker.runSuite(SuiteRunnerWorker.java:52)
	at org.testng.SuiteRunnerWorker.run(SuiteRunnerWorker.java:86)
	at org.testng.TestNG.runSuitesSequentially(TestNG.java:1200)
	at org.testng.TestNG.runSuitesLocally(TestNG.java:1125)
	at org.testng.TestNG.run(TestNG.java:1033)
	at org.testng.remote.RemoteTestNG.run(RemoteTestNG.java:111)
	at org.testng.remote.RemoteTestNG.initAndRun(RemoteTestNG.java:204)
	at org.testng.remote.RemoteTestNG.main(RemoteTestNG.java:175)
]]>
            </full-stacktrace>
          </exception> <!-- org.openqa.selenium.NoSuchElementException -->
          <reporter-output>
          </reporter-output>
        </test-method> <!-- testCreateCustomer -->
        <test-method status="FAIL" signature="tearDown(org.testng.ITestResult)[pri:0, instance:com.acti.testcase.TaskPageTest@6bdf28bb]" name="tearDown" is-config="true" duration-ms="0" started-at="2021-08-19T14:07:05Z" finished-at="2021-08-19T14:07:05Z">
          <params>
            <param index="0">
              <value>
                <![CDATA[[TestResult name=testCreateCustomer status=FAILURE method=TaskPageTest.testCreateCustomer(java.lang.String, java.lang.String)[pri:0, instance:com.acti.testcase.TaskPageTest@6bdf28bb] output={null}]]]>
              </value>
            </param>
          </params>
          <exception class="org.openqa.selenium.UnhandledAlertException">
            <message>
              <![CDATA[unexpected alert open: {Alert text : }
  (Session info: MicrosoftEdge=92.0.902.73): {Alert text : 
Build info: version: '3.141.59', revision: 'e82be7d358', time: '2018-11-14T08:17:03'
System info: host: 'SANDEEPOOJA', ip: '172.20.4.126', os.name: 'Windows 10', os.arch: 'amd64', os.version: '10.0', java.version: '1.8.0_231'
Driver info: org.openqa.selenium.edge.EdgeDriver
Capabilities {acceptInsecureCerts: false, browserName: msedge, browserVersion: 92.0.902.73, javascriptEnabled: true, ms:edgeOptions: {debuggerAddress: localhost:21167}, msedge: {msedgedriverVersion: 91.0.864.59 (4456b8ae30dd3a..., userDataDir: C:\Users\sandeep\AppData\Lo...}, networkConnectionEnabled: false, pageLoadStrategy: normal, platform: WINDOWS, platformName: WINDOWS, proxy: Proxy(), setWindowRect: true, strictFileInteractability: false, timeouts: {implicit: 0, pageLoad: 300000, script: 30000}, unhandledPromptBehavior: dismiss and notify, webauthn:extension:largeBlob: true, webauthn:virtualAuthenticators: true}
Session ID: 2cc97cce1f28821836d60a77dad2e404]]>
            </message>
            <full-stacktrace>
              <![CDATA[org.openqa.selenium.UnhandledAlertException: unexpected alert open: {Alert text : }
  (Session info: MicrosoftEdge=92.0.902.73): {Alert text : 
Build info: version: '3.141.59', revision: 'e82be7d358', time: '2018-11-14T08:17:03'
System info: host: 'SANDEEPOOJA', ip: '172.20.4.126', os.name: 'Windows 10', os.arch: 'amd64', os.version: '10.0', java.version: '1.8.0_231'
Driver info: org.openqa.selenium.edge.EdgeDriver
Capabilities {acceptInsecureCerts: false, browserName: msedge, browserVersion: 92.0.902.73, javascriptEnabled: true, ms:edgeOptions: {debuggerAddress: localhost:21167}, msedge: {msedgedriverVersion: 91.0.864.59 (4456b8ae30dd3a..., userDataDir: C:\Users\sandeep\AppData\Lo...}, networkConnectionEnabled: false, pageLoadStrategy: normal, platform: WINDOWS, platformName: WINDOWS, proxy: Proxy(), setWindowRect: true, strictFileInteractability: false, timeouts: {implicit: 0, pageLoad: 300000, script: 30000}, unhandledPromptBehavior: dismiss and notify, webauthn:extension:largeBlob: true, webauthn:virtualAuthenticators: true}
Session ID: 2cc97cce1f28821836d60a77dad2e404
	at org.openqa.selenium.remote.http.W3CHttpResponseCodec.decode(W3CHttpResponseCodec.java:120)
	at org.openqa.selenium.remote.http.W3CHttpResponseCodec.decode(W3CHttpResponseCodec.java:49)
	at org.openqa.selenium.remote.HttpCommandExecutor.execute(HttpCommandExecutor.java:158)
	at org.openqa.selenium.remote.service.DriverCommandExecutor.execute(DriverCommandExecutor.java:83)
	at org.openqa.selenium.remote.RemoteWebDriver.execute(RemoteWebDriver.java:552)
	at org.openqa.selenium.remote.RemoteWebDriver.execute(RemoteWebDriver.java:609)
	at org.openqa.selenium.remote.RemoteWebDriver.getScreenshotAs(RemoteWebDriver.java:295)
	at com.acti.util.Helper.captureScreenshot(Helper.java:15)
	at com.acti.testcase.BaseTest.tearDown(BaseTest.java:67)
	at sun.reflect.NativeMethodAccessorImpl.invoke0(Native Method)
	at sun.reflect.NativeMethodAccessorImpl.invoke(Unknown Source)
	at sun.reflect.DelegatingMethodAccessorImpl.invoke(Unknown Source)
	at java.lang.reflect.Method.invoke(Unknown Source)
	at org.testng.internal.MethodInvocationHelper.invokeMethod(MethodInvocationHelper.java:85)
	at org.testng.internal.Invoker.invokeConfigurationMethod(Invoker.java:521)
	at org.testng.internal.Invoker.invokeConfigurations(Invoker.java:213)
	at org.testng.internal.Invoker.invokeMethod(Invoker.java:736)
	at org.testng.internal.Invoker.invokeTestMethod(Invoker.java:849)
	at org.testng.internal.Invoker.invokeTestMethods(Invoker.java:1157)
	at org.testng.internal.TestMethodWorker.invokeTestMethods(TestMethodWorker.java:124)
	at org.testng.internal.TestMethodWorker.run(TestMethodWorker.java:108)
	at org.testng.TestRunner.privateRun(TestRunner.java:771)
	at org.testng.TestRunner.run(TestRunner.java:621)
	at org.testng.SuiteRunner.runTest(SuiteRunner.java:357)
	at org.testng.SuiteRunner.runSequentially(SuiteRunner.java:352)
	at org.testng.SuiteRunner.privateRun(SuiteRunner.java:310)
	at org.testng.SuiteRunner.run(SuiteRunner.java:259)
	at org.testng.SuiteRunnerWorker.runSuite(SuiteRunnerWorker.java:52)
	at org.testng.SuiteRunnerWorker.run(SuiteRunnerWorker.java:86)
	at org.testng.TestNG.runSuitesSequentially(TestNG.java:1200)
	at org.testng.TestNG.runSuitesLocally(TestNG.java:1125)
	at org.testng.TestNG.run(TestNG.java:1033)
	at org.testng.remote.RemoteTestNG.run(RemoteTestNG.java:111)
	at org.testng.remote.RemoteTestNG.initAndRun(RemoteTestNG.java:204)
	at org.testng.remote.RemoteTestNG.main(RemoteTestNG.java:175)
]]>
            </full-stacktrace>
          </exception> <!-- org.openqa.selenium.UnhandledAlertException -->
          <reporter-output>
          </reporter-output>
        </test-method> <!-- tearDown -->
        <test-method status="SKIP" signature="setUp()[pri:0, instance:com.acti.testcase.TaskPageTest@6bdf28bb]" name="setUp" is-config="true" duration-ms="0" started-at="2021-08-19T14:07:05Z" finished-at="2021-08-19T14:07:05Z">
          <reporter-output>
          </reporter-output>
        </test-method> <!-- setUp -->
        <test-method status="SKIP" signature="testDeleteCustomer(java.lang.String, java.lang.String)[pri:0, instance:com.acti.testcase.TaskPageTest@6bdf28bb]" name="testDeleteCustomer" duration-ms="1" started-at="2021-08-19T14:07:05Z" data-provider="actidata" finished-at="2021-08-19T14:07:05Z">
          <params>
            <param index="0">
              <value>
                <![CDATA[admin]]>
              </value>
            </param>
            <param index="1">
              <value>
                <![CDATA[manager]]>
              </value>
            </param>
          </params>
          <reporter-output>
          </reporter-output>
        </test-method> <!-- testDeleteCustomer -->
        <test-method status="SKIP" signature="tearDown(org.testng.ITestResult)[pri:0, instance:com.acti.testcase.TaskPageTest@6bdf28bb]" name="tearDown" is-config="true" duration-ms="0" started-at="2021-08-19T14:07:05Z" finished-at="2021-08-19T14:07:05Z">
          <reporter-output>
          </reporter-output>
        </test-method> <!-- tearDown -->
      </class> <!-- com.acti.testcase.TaskPageTest -->
    </test> <!-- Test -->
  </suite> <!-- Suite -->
</testng-results>
